Arguments: 
  C:\Program Files\nodejs\node.exe C:\Users\KhafanPC\AppData\Roaming\npm\node_modules\yarn\bin\yarn.js add express mongoose bcryptjs passport passport-logo ejs express-ejs-layouts connect-flash express-session dotenv

PATH: 
  C:\Program Files\Python311\Scripts\;C:\Program Files\Python311\;C:\Windows\system32;C:\Windows;C:\Windows\System32\Wbem;C:\Windows\System32\WindowsPowerShell\v1.0\;C:\Windows\System32\OpenSSH\;C:\Users\KhafanPC\AppData\Local\Yarn\bin;C:\Program Files\nodejs\;C:\Program Files\dotnet\;C:\Program Files\nodejs;C:\Users\KhafanPC\AppData\Local\GitHubDesktop\bin;d:\Users\KhafanPC\AppData\Local\Programs\Microsoft VS Code\bin;C:\Program Files\Python311;C:\Program Files\Python311\Scripts;C:\Users\KhafanPC\AppData\Roaming\npm;C:\Users\KhafanPC\.dotnet\tools

Yarn version: 
  1.22.19

Node version: 
  18.12.1

Platform: 
  win32 x64

Trace: 
  Error: https://registry.yarnpkg.com/passport-logo: Not found
      at params.callback [as _callback] (C:\Users\KhafanPC\AppData\Roaming\npm\node_modules\yarn\lib\cli.js:66145:18)
      at self.callback (C:\Users\KhafanPC\AppData\Roaming\npm\node_modules\yarn\lib\cli.js:140890:22)
      at Request.emit (node:events:513:28)
      at Request.<anonymous> (C:\Users\KhafanPC\AppData\Roaming\npm\node_modules\yarn\lib\cli.js:141862:10)
      at Request.emit (node:events:513:28)
      at IncomingMessage.<anonymous> (C:\Users\KhafanPC\AppData\Roaming\npm\node_modules\yarn\lib\cli.js:141784:12)
      at Object.onceWrapper (node:events:627:28)
      at IncomingMessage.emit (node:events:525:35)
      at endReadableNT (node:internal/streams/readable:1359:12)
      at process.processTicksAndRejections (node:internal/process/task_queues:82:21)

npm manifest: 
  {
    "name": "node-pasport-login",
    "version": "1.0.0",
    "main": "index.js",
    "license": "MIT"
  }

yarn manifest: 
  No manifest

Lockfile: 
  No lockfile
